<?xml version="1.0" encoding="UTF-8"?>
<testsuite name="controllers.NoteAPITest$PersistenceTests" tests="4" skipped="0" failures="0" errors="0" timestamp="2023-03-17T18:44:02" hostname="LAPTOP-3QHT0SCT" time="0.256">
  <properties/>
  <testcase name="saving and loading an empty collection in XML doesn't crash app()" classname="controllers.NoteAPITest$PersistenceTests" time="0.213"/>
  <testcase name="saving and loading an loaded collection in JSON doesn't loose data()" classname="controllers.NoteAPITest$PersistenceTests" time="0.027"/>
  <testcase name="saving and loading an loaded collection in XML doesn't loose data()" classname="controllers.NoteAPITest$PersistenceTests" time="0.009"/>
  <testcase name="saving and loading an empty collection in JSON doesn't crash app()" classname="controllers.NoteAPITest$PersistenceTests" time="0.005"/>
  <system-out><![CDATA[]]></system-out>
  <system-err><![CDATA[]]></system-err>
</testsuite>
