<?xml version="1.0" encoding="UTF-8"?>
<testsuite name="controllers.NoteAPITest$ListNotes" tests="5" skipped="0" failures="0" errors="0" timestamp="2023-03-17T18:44:02" hostname="LAPTOP-3QHT0SCT" time="0.033">
  <properties/>
  <testcase name="testListByMost()" classname="controllers.NoteAPITest$ListNotes" time="0.019"/>
  <testcase name="testListByLeast()" classname="controllers.NoteAPITest$ListNotes" time="0.002"/>
  <testcase name="listAllNotes returns No Notes Stored message when ArrayList is empty()" classname="controllers.NoteAPITest$ListNotes" time="0.007"/>
  <testcase name="numberOfNotesByPriorityCalculatedCorrectly()" classname="controllers.NoteAPITest$ListNotes" time="0.001"/>
  <testcase name="listAllNotes returns Notes when ArrayList has notes stored()" classname="controllers.NoteAPITest$ListNotes" time="0.003"/>
  <system-out><![CDATA[]]></system-out>
  <system-err><![CDATA[]]></system-err>
</testsuite>
