<?xml version="1.0" encoding="UTF-8"?>
<testsuite name="controllers.NoteAPITest$CountingMethods" tests="1" skipped="0" failures="0" errors="0" timestamp="2023-03-18T19:18:22" hostname="LAPTOP-3QHT0SCT" time="0.034">
  <properties/>
  <testcase name="numberOfNotesByCategoryCalculatedCorrectly()" classname="controllers.NoteAPITest$CountingMethods" time="0.034"/>
  <system-out><![CDATA[]]></system-out>
  <system-err><![CDATA[]]></system-err>
</testsuite>
